<?xml version="1.0" encoding="UTF-8"?>
<!-- Generated by org.testng.reporters.JUnitReportReporter -->
<testsuite hostname="FFE-Subham-Vishwakarma" failures="0" tests="1" name="com.comcast.ecommerce.PracticeTest.sampleTest1" time="14.370" errors="0" timestamp="2024-07-15T21:38:58 IST" skipped="0">
  <testcase classname="com.comcast.ecommerce.PracticeTest.sampleTest1" name="sampleTest" time="14.370"/>
  <system-out/>
</testsuite> <!-- com.comcast.ecommerce.PracticeTest.sampleTest1 -->
