<?xml version="1.0" encoding="UTF-8"?>
<!-- Generated by org.testng.reporters.JUnitReportReporter -->
<testsuite hostname="FFE-Subham-Vishwakarma" failures="0" tests="1" name="com.comcast.ecommerce.PracticeTest.practice" time="6.289" errors="0" timestamp="2024-07-15T22:47:05 IST" skipped="0">
  <testcase classname="com.comcast.ecommerce.PracticeTest.practice" name="sampleTest" time="6.289"/>
  <system-out/>
</testsuite> <!-- com.comcast.ecommerce.PracticeTest.practice -->
