<?xml version="1.0" encoding="UTF-8"?>
<!-- Generated by org.testng.reporters.JUnitReportReporter -->
<testsuite hostname="FFE-Subham-Vishwakarma" failures="0" tests="1" name="Flipkart.searchProductsUsingDPAndExcel" time="0.000" errors="0" timestamp="2024-07-15T19:49:04 IST" skipped="1">
  <testcase classname="Flipkart.searchProductsUsingDPAndExcel" name="sampleTest" time="0.000">
    <skipped/>
  </testcase> <!-- sampleTest -->
  <system-out/>
</testsuite> <!-- Flipkart.searchProductsUsingDPAndExcel -->
